<?xml version="1.0" encoding="utf-8"?><testsuites name="pytest tests"><testsuite name="pytest" errors="0" failures="1" skipped="0" tests="16" time="5.396" timestamp="2026-05-28T17:45:56.659461+00:00" hostname="agent-env-ac82db15-b8b5-4cc8-ae45-ab487069b435"><testcase classname="backend.tests.test_context_backend.TestAuth" name="test_register_new_user" time="0.468" /><testcase classname="backend.tests.test_context_backend.TestAuth" name="test_register_duplicate_email_fails" time="0.053" /><testcase classname="backend.tests.test_context_backend.TestAuth" name="test_login_success" time="0.283" /><testcase classname="backend.tests.test_context_backend.TestAuth" name="test_login_wrong_password" time="0.281" /><testcase classname="backend.tests.test_context_backend.TestAuth" name="test_me_returns_user" time="0.361" /><testcase classname="backend.tests.test_context_backend.TestAuth" name="test_me_unauthorized" time="0.070" /><testcase classname="backend.tests.test_context_backend.TestAuth" name="test_patch_language" time="0.183" /><testcase classname="backend.tests.test_context_backend.TestBilling" name="test_billing_status" time="0.057" /><testcase classname="backend.tests.test_context_backend.TestBilling" name="test_billing_status_unauth" time="0.058" /><testcase classname="backend.tests.test_context_backend.TestBilling" name="test_create_checkout_session" time="0.314"><failure message="Failed: Stripe checkout failed: 500 {&quot;detail&quot;:&quot;Errore Stripe: Invalid API Key provided: sk_test_****gent&quot;}">backend/tests/test_context_backend.py:111: in test_create_checkout_session
    pytest.fail(f"Stripe checkout failed: {r.status_code} {r.text[:300]}")
E   Failed: Stripe checkout failed: 500 {"detail":"Errore Stripe: Invalid API Key provided: sk_test_****gent"}</failure></testcase><testcase classname="backend.tests.test_context_backend.TestExplain" name="test_explain_returns_structured" time="2.235" /><testcase classname="backend.tests.test_context_backend.TestExplain" name="test_explain_unauth" time="0.060" /><testcase classname="backend.tests.test_context_backend.TestLibrary" name="test_save_get_delete_word" time="0.335" /><testcase classname="backend.tests.test_context_backend.TestLibrary" name="test_delete_by_domain" time="0.302" /><testcase classname="backend.tests.test_context_backend.TestLibrary" name="test_library_unauth" time="0.073" /><testcase classname="backend.tests.test_context_backend.TestTranscribeExists" name="test_transcribe_requires_auth" time="0.138" /></testsuite></testsuites>