<?xml version="1.0" encoding="utf-8"?><testsuites name="pytest tests"><testsuite name="pytest" errors="0" failures="0" skipped="0" tests="16" time="5.184" timestamp="2026-05-29T17:51:48.230798+00:00" hostname="agent-env-ac82db15-b8b5-4cc8-ae45-ab487069b435"><testcase classname="backend.tests.test_context_backend.TestAuth" name="test_register_new_user" time="0.507" /><testcase classname="backend.tests.test_context_backend.TestAuth" name="test_register_duplicate_email_fails" time="0.065" /><testcase classname="backend.tests.test_context_backend.TestAuth" name="test_login_success" time="0.288" /><testcase classname="backend.tests.test_context_backend.TestAuth" name="test_login_wrong_password" time="0.287" /><testcase classname="backend.tests.test_context_backend.TestAuth" name="test_me_returns_user" time="0.341" /><testcase classname="backend.tests.test_context_backend.TestAuth" name="test_me_unauthorized" time="0.052" /><testcase classname="backend.tests.test_context_backend.TestAuth" name="test_patch_language" time="0.159" /><testcase classname="backend.tests.test_context_backend.TestBilling" name="test_billing_status" time="0.060" /><testcase classname="backend.tests.test_context_backend.TestBilling" name="test_billing_status_unauth" time="0.054" /><testcase classname="backend.tests.test_context_backend.TestBilling" name="test_create_checkout_session" time="0.599" /><testcase classname="backend.tests.test_context_backend.TestExplain" name="test_explain_returns_structured" time="1.867" /><testcase classname="backend.tests.test_context_backend.TestExplain" name="test_explain_unauth" time="0.050" /><testcase classname="backend.tests.test_context_backend.TestLibrary" name="test_save_get_delete_word" time="0.279" /><testcase classname="backend.tests.test_context_backend.TestLibrary" name="test_delete_by_domain" time="0.231" /><testcase classname="backend.tests.test_context_backend.TestLibrary" name="test_library_unauth" time="0.058" /><testcase classname="backend.tests.test_context_backend.TestTranscribeExists" name="test_transcribe_requires_auth" time="0.144" /></testsuite></testsuites>